{
  "RSpec": {
    "coverage": {
      "/Users/JenniferSoden/turing/3_module/the_pivot/app/helpers/admin_helper.rb": [
        1,
        1,
        0,
        null,
        null,
        null
      ],
      "/Users/JenniferSoden/turing/3_module/the_pivot/app/helpers/application_helper.rb": [
        1,
        null
      ],
      "/Users/JenniferSoden/turing/3_module/the_pivot/app/helpers/cart_helper.rb": [
        1,
        1,
        1,
        0,
        null,
        null
      ],
      "/Users/JenniferSoden/turing/3_module/the_pivot/app/models/user.rb": [
        1,
        1,
        null,
        1,
        1,
        1,
        null,
        1,
        1,
        1,
        null,
        1,
        1,
        1,
        null,
        1,
        null,
        1,
        21,
        null,
        null,
        1,
        null,
        1,
        44,
        null,
        null,
        null
      ],
      "/Users/JenniferSoden/turing/3_module/the_pivot/app/models/category.rb": [
        1,
        1,
        1,
        null
      ],
      "/Users/JenniferSoden/turing/3_module/the_pivot/app/models/item.rb": [
        1,
        1,
        1,
        1,
        null,
        1,
        1,
        1,
        null,
        1,
        1,
        null,
        1,
        null,
        1,
        0,
        0,
        null,
        null,
        1,
        4,
        null,
        null,
        1,
        20,
        11,
        null,
        null,
        null,
        1,
        8,
        null,
        null,
        1,
        3,
        null,
        null,
        null,
        null,
        null
      ],
      "/Users/JenniferSoden/turing/3_module/the_pivot/app/controllers/sessions_controller.rb": [
        1,
        1,
        null,
        null,
        1,
        5,
        5,
        5,
        5,
        5,
        null,
        0,
        null,
        null,
        0,
        0,
        null,
        null,
        null,
        1,
        0,
        0,
        null,
        null
      ],
      "/Users/JenniferSoden/turing/3_module/the_pivot/app/controllers/application_controller.rb": [
        1,
        1,
        null,
        1,
        1,
        null,
        1,
        0,
        0,
        null,
        0,
        null,
        null,
        null,
        1,
        138,
        null,
        null,
        1,
        69,
        null,
        null,
        1,
        0,
        null,
        null
      ],
      "/Users/JenniferSoden/turing/3_module/the_pivot/app/models/cart.rb": [
        1,
        1,
        1,
        69,
        null,
        null,
        1,
        5,
        5,
        null,
        null,
        1,
        0,
        null,
        null,
        1,
        0,
        null,
        null,
        1,
        3,
        5,
        5,
        null,
        null,
        null,
        1,
        0,
        null,
        null,
        1,
        0,
        null,
        null
      ],
      "/Users/JenniferSoden/turing/3_module/the_pivot/app/controllers/users_controller.rb": [
        1,
        1,
        null,
        null,
        1,
        0,
        null,
        null,
        1,
        1,
        null,
        null,
        1,
        1,
        null,
        1,
        1,
        1,
        null,
        0,
        null,
        null,
        null,
        1,
        0,
        0,
        0,
        0,
        0,
        0,
        null,
        0,
        null,
        null,
        0,
        0,
        null,
        null,
        null,
        null,
        1,
        null,
        1,
        1,
        null,
        null
      ],
      "/Users/JenniferSoden/turing/3_module/the_pivot/app/models/order.rb": [
        1,
        1,
        1,
        1,
        1,
        null,
        1,
        1,
        null,
        1,
        0,
        null,
        null,
        1,
        0,
        null,
        null,
        1,
        0,
        null,
        null
      ],
      "/Users/JenniferSoden/turing/3_module/the_pivot/app/controllers/user/items_controller.rb": [
        1,
        1,
        9,
        null,
        null,
        1,
        2,
        null,
        null,
        1,
        1,
        null,
        null,
        1,
        1,
        1,
        1,
        1,
        1,
        null,
        0,
        0,
        null,
        null,
        null,
        1,
        1,
        null,
        null,
        1,
        1,
        1,
        1,
        1,
        1,
        null,
        0,
        0,
        null,
        null,
        null,
        1,
        1,
        1,
        1,
        1,
        null,
        null,
        null,
        1,
        1,
        2,
        null,
        null
      ],
      "/Users/JenniferSoden/turing/3_module/the_pivot/app/controllers/user/base_controller.rb": [
        1,
        null,
        null,
        null,
        null,
        null,
        null
      ],
      "/Users/JenniferSoden/turing/3_module/the_pivot/app/controllers/sellers_controller.rb": [
        1,
        null,
        1,
        4,
        null,
        null,
        1,
        6,
        null,
        null,
        1,
        1,
        0,
        null,
        null,
        null
      ],
      "/Users/JenniferSoden/turing/3_module/the_pivot/app/controllers/cart_controller.rb": [
        1,
        1,
        1,
        null,
        5,
        5,
        5,
        5,
        5,
        0,
        0,
        5,
        5,
        5,
        null,
        null,
        null,
        null,
        null,
        1,
        3,
        0,
        null,
        3,
        null,
        null,
        null,
        1,
        0,
        0,
        0,
        0,
        0,
        null,
        null,
        1,
        0,
        0,
        0,
        0,
        0,
        0,
        null,
        null,
        1,
        0,
        null,
        null
      ],
      "/Users/JenniferSoden/turing/3_module/the_pivot/app/models/cart_item.rb": [
        1,
        1,
        null,
        1,
        5,
        5,
        5,
        null,
        null,
        null,
        1,
        0,
        null,
        null
      ],
      "/Users/JenniferSoden/turing/3_module/the_pivot/app/controllers/items_controller.rb": [
        1,
        1,
        2,
        null,
        null,
        1,
        4,
        null,
        null,
        1,
        2,
        2,
        1,
        1,
        1,
        1,
        1,
        null,
        0,
        0,
        null,
        null,
        1,
        1,
        null,
        null,
        null
      ],
      "/Users/JenniferSoden/turing/3_module/the_pivot/app/models/order_item.rb": [
        1,
        1,
        1,
        null,
        1,
        1,
        null
      ],
      "/Users/JenniferSoden/turing/3_module/the_pivot/app/controllers/orders_controller.rb": [
        1,
        1,
        1,
        1,
        null,
        null,
        1,
        0,
        0,
        0,
        null,
        0,
        0,
        0,
        0,
        0,
        null,
        0,
        0,
        0,
        null,
        null,
        null,
        null,
        1,
        0,
        null,
        null
      ],
      "/Users/JenniferSoden/turing/3_module/the_pivot/app/controllers/home_controller.rb": [
        1,
        1,
        4,
        null,
        null
      ],
      "/Users/JenniferSoden/turing/3_module/the_pivot/app/models/bid.rb": [
        1,
        1,
        1,
        null
      ],
      "/Users/JenniferSoden/turing/3_module/the_pivot/app/controllers/categories_controller.rb": [
        0,
        0,
        0,
        0,
        0,
        0,
        0,
        0,
        0
      ],
      "/Users/JenniferSoden/turing/3_module/the_pivot/app/controllers/reservations_controller.rb": [
        0,
        0,
        0,
        0,
        0,
        0,
        0,
        0,
        0,
        0,
        0,
        0,
        0,
        0,
        0,
        0,
        0,
        0,
        0,
        0,
        0,
        0,
        0,
        0,
        0,
        0,
        0
      ],
      "/Users/JenniferSoden/turing/3_module/the_pivot/app/controllers/search_controller.rb": [
        0,
        0,
        0,
        0,
        0,
        0,
        0,
        0,
        0,
        0,
        0,
        0
      ],
      "/Users/JenniferSoden/turing/3_module/the_pivot/app/controllers/user/admin/base_controller.rb": [
        0,
        0,
        0,
        0,
        0,
        0,
        0
      ],
      "/Users/JenniferSoden/turing/3_module/the_pivot/app/controllers/user/admin/items_controller.rb": [
        0,
        0,
        0,
        0,
        0,
        0,
        0,
        0,
        0,
        0,
        0,
        0,
        0,
        0,
        0,
        0,
        0,
        0,
        0,
        0,
        0,
        0,
        0
      ],
      "/Users/JenniferSoden/turing/3_module/the_pivot/app/controllers/user/admin/orders_controller.rb": [
        0,
        0,
        0,
        0,
        0,
        0,
        0,
        0,
        0,
        0,
        0,
        0,
        0,
        0,
        0,
        0,
        0,
        0,
        0,
        0
      ],
      "/Users/JenniferSoden/turing/3_module/the_pivot/app/models/home.rb": [
        0,
        0
      ],
      "/Users/JenniferSoden/turing/3_module/the_pivot/app/models/reservation.rb": [
        0,
        0,
        0,
        0,
        0,
        0,
        0,
        0,
        0,
        0,
        0,
        0,
        0,
        0,
        0,
        0,
        0,
        0,
        0,
        0,
        0,
        0
      ],
      "/Users/JenniferSoden/turing/3_module/the_pivot/app/models/reservation_helper.rb": [
        0,
        0,
        0,
        0,
        0,
        0,
        0,
        0,
        0,
        0,
        0,
        0,
        0,
        0,
        0,
        0,
        0,
        0
      ]
    },
    "timestamp": 1471878047
  }
}
